<?xml version="1.0" encoding="UTF-8"?>
<testng-results skipped="0" failed="0" total="5" passed="5">
  <reporter-output>
  </reporter-output>
  <suite name="Suite" duration-ms="94441" started-at="2020-05-07T09:35:34Z" finished-at="2020-05-07T09:37:09Z">
    <groups>
    </groups>
    <test name="Test" duration-ms="94441" started-at="2020-05-07T09:35:34Z" finished-at="2020-05-07T09:37:09Z">
      <class name="com.pages.HomePage">
        <test-method status="PASS" signature="home()[pri:0, instance:com.pages.HomePage@7cf10a6f]" name="home" duration-ms="10" started-at="2020-05-07T15:07:09Z" finished-at="2020-05-07T15:07:09Z">
          <reporter-output>
          </reporter-output>
        </test-method> <!-- home -->
      </class> <!-- com.pages.HomePage -->
      <class name="com.Test.LoginTest">
        <test-method status="PASS" signature="test01()[pri:0, instance:com.Test.LoginTest@4cdbe50f]" name="test01" duration-ms="0" started-at="2020-05-07T15:07:09Z" finished-at="2020-05-07T15:07:09Z">
          <reporter-output>
          </reporter-output>
        </test-method> <!-- test01 -->
      </class> <!-- com.Test.LoginTest -->
      <class name="com.Utils.Utilclass">
        <test-method status="PASS" signature="utils()[pri:0, instance:com.Utils.Utilclass@66d33a]" name="utils" duration-ms="0" started-at="2020-05-07T15:07:09Z" finished-at="2020-05-07T15:07:09Z">
          <reporter-output>
          </reporter-output>
        </test-method> <!-- utils -->
      </class> <!-- com.Utils.Utilclass -->
      <class name="com.Test.Loginpage">
        <test-method status="PASS" signature="createAccount()[pri:0, instance:com.Test.Loginpage@5e025e70]" name="createAccount" duration-ms="94369" started-at="2020-05-07T15:05:34Z" finished-at="2020-05-07T15:07:09Z">
          <reporter-output>
          </reporter-output>
        </test-method> <!-- createAccount -->
        <test-method status="PASS" signature="login()[pri:0, instance:com.Test.Loginpage@5e025e70]" name="login" duration-ms="0" started-at="2020-05-07T15:07:09Z" finished-at="2020-05-07T15:07:09Z">
          <reporter-output>
          </reporter-output>
        </test-method> <!-- login -->
      </class> <!-- com.Test.Loginpage -->
    </test> <!-- Test -->
  </suite> <!-- Suite -->
</testng-results>
