<?xml version="1.0" encoding="UTF-8"?>
<!-- Generated by org.testng.reporters.JUnitXMLReporter -->
<testsuite hostname="SATEESH" name="Test" tests="5" failures="0" timestamp="7 May 2020 15:22:50 GMT" time="175.754" errors="0">
  <testcase name="createAccount" time="175.692" classname="com.Test.Loginpage"/>
  <testcase name="login" time="0.0" classname="com.Test.Loginpage"/>
  <testcase name="test01" time="0.0" classname="com.Test.LoginTest"/>
  <testcase name="utils" time="0.0" classname="com.Utils.Utilclass"/>
  <testcase name="home" time="0.0" classname="com.pages.HomePage"/>
</testsuite> <!-- Test -->
